app/proguard-rules.pro
# ScrollCat ProGuard Rules

# Keep all app classes
-keep class com.example.scrollcat.** { *; }

# Google ML Kit
-keep class com.google.mlkit.** { *; }
-dontwarn com.google.mlkit.**

# ML Kit Smart Reply
-keep class com.google.android.gms.internal.mlkit_smart_reply.** { *; }

# ML Kit Translate
-keep class com.google.android.gms.internal.mlkit_translate.** { *; }

# ML Kit GenAI
-keep class com.google.mlkit.genai.** { *; }
-dontwarn com.google.mlkit.genai.**

# OkHttp
-dontwarn okhttp3.**
-dontwarn okio.**
-keep class okhttp3.** { *; }
-keep interface okhttp3.** { *; }

# Security Crypto (EncryptedSharedPreferences)
-keep class androidx.security.crypto.** { *; }

# Google Play Billing
-keep class com.android.billingclient.** { *; }
-dontwarn com.android.billingclient.**

# Google Play Review
-keep class com.google.android.play.core.review.** { *; }

# JSON
-keep class org.json.** { *; }

# Kotlin
-keep class kotlin.** { *; }
-keep class kotlinx.** { *; }
-dontwarn kotlin.**

# Android Accessibility
-keep class * extends android.accessibilityservice.AccessibilityService { *; }
-keep class * extends android.service.notification.NotificationListenerService { *; }

# Keep notification action classes
-keep class android.app.Notification$Action { *; }
-keep class android.app.RemoteInput { *; }

# Prevent stripping of overlay service
-keep class * extends android.app.Service { *; }

# Keep activity classes
-keep class * extends android.app.Activity { *; }