app/build/outputs/mapping/release/seeds.txt
com.example.scrollcat.SettingsActivity$onCreate$catSizeSlider$1$1
com.example.scrollcat.SleepManager
com.example.scrollcat.SplashActivity$Companion
com.example.scrollcat.OverlayService$onBatteryLow$1$2
com.example.scrollcat.MusicDetector
com.example.scrollcat.SplashActivity
com.example.scrollcat.ShareCardActivity$Companion
com.example.scrollcat.CatAccessibilityService$performSwipe$1$dispatched$1
com.example.scrollcat.SettingsActivity
com.example.scrollcat.ReplyStore
com.example.scrollcat.MusicDetector$checkRunnable$1
com.example.scrollcat.R
com.example.scrollcat.NotificationSettingsActivity
com.example.scrollcat.SettingsActivity$onCreate$13$spinner$1$2
com.example.scrollcat.CatAccessibilityService
com.example.scrollcat.R$mipmap
com.example.scrollcat.SubscriptionActivity$Companion
com.example.scrollcat.ReplyPanel
com.example.scrollcat.BillingManager
com.example.scrollcat.AiReplyGenerator$startModelDownload$1
com.example.scrollcat.PrivacyPolicyActivity$Companion
com.example.scrollcat.AiReplyGenerator$Companion
com.example.scrollcat.CrashReportingHelper
com.example.scrollcat.CatAnimator$Companion
com.example.scrollcat.ReplySender
com.example.scrollcat.ReplyPanel$Companion
com.example.scrollcat.RadialMenu
com.example.scrollcat.SettingsActivity$onCreate$breakSlider$1$1
com.example.scrollcat.SettingsManager
com.example.scrollcat.OverlayService$CatTouchListener
com.example.scrollcat.CatAccessibilityService$onAccessibilityEvent$$inlined$sortedByDescending$1
com.example.scrollcat.BillingManager$Companion
com.example.scrollcat.AutoReplyActivity
com.example.scrollcat.ReplyStore$ReplyableMessage
com.example.scrollcat.RateUsManager
com.example.scrollcat.StatsTracker
com.example.scrollcat.BillingManager$startConnection$1
com.example.scrollcat.ApiKeyStore
com.example.scrollcat.OverlayService$CatTouchListener$gestureDetector$1
com.example.scrollcat.AppReactionManager$ReactionConfig
com.example.scrollcat.CatAnimator$AnimDef
com.example.scrollcat.RadialMenu$MenuItem
com.example.scrollcat.SettingsActivity$onCreate$sensitivitySlider$1$1
com.example.scrollcat.ClaudeReplyGenerator
com.example.scrollcat.ClaudeReplyGenerator$generateReplies$1
com.example.scrollcat.CatNotificationListener$Companion
com.example.scrollcat.NotificationSettingsActivity$FlexboxLayout
com.example.scrollcat.R$xml
com.example.scrollcat.MainApplication
com.example.scrollcat.CatAnimator$tickRunnable$1
com.example.scrollcat.SubscriptionActivity
com.example.scrollcat.AutoReplyActivity$RuleViews
com.example.scrollcat.ShareCardActivity
com.example.scrollcat.OverlayService$Companion
com.example.scrollcat.AutoReplyManager
com.example.scrollcat.PrivacyPolicyActivity
com.example.scrollcat.CatAccessibilityService$Companion
com.example.scrollcat.OverlayService$screenReceiver$1
com.example.scrollcat.ClaudeReplyGenerator$Companion
com.example.scrollcat.OverlayService
com.example.scrollcat.OnboardingActivity
com.example.scrollcat.AppReactionManager
com.example.scrollcat.BatteryReceiver
com.example.scrollcat.AiReplyGenerator
com.example.scrollcat.MainActivity
com.example.scrollcat.AutoReplyManager$Rule
com.example.scrollcat.OverlayService$onBatteryCharging$1$2
com.example.scrollcat.ScreenTranslator$Companion
com.example.scrollcat.R$string
com.example.scrollcat.AppReactionManager$Reaction
com.example.scrollcat.CatNotificationListener
com.example.scrollcat.OnboardingActivity$Companion
com.example.scrollcat.ScreenTranslator
com.example.scrollcat.SettingsActivity$onCreate$opacitySlider$1$1
com.example.scrollcat.R$drawable
com.example.scrollcat.CatAnimator
com.example.scrollcat.BatteryReceiver$Companion
com.example.scrollcat.R$drawable: int splash_screen
com.example.scrollcat.OverlayService: long MOOD_INTERVAL_MS_LIVE
com.example.scrollcat.ReplyPanel: long CONFIRMATION_MS
com.example.scrollcat.OverlayService: kotlin.Lazy audioManager$delegate
com.example.scrollcat.NotificationSettingsActivity$FlexboxLayout: int spacing
com.example.scrollcat.R$xml: int file_paths
...
com.google.mlkit.common.sdkinternal.zzv: java.util.concurrent.Executor zza
com.google.android.gms.internal.mlkit_translate.zzop: com.google.android.gms.internal.mlkit_translate.zzop zzC
kotlinx.coroutines.flow.SharedFlowImpl: long replayIndex
kotlinx.coroutines.CoroutineContextKt: java.lang.String DEBUG_THREAD_NAME_SEPARATOR
okhttp3.OkHttpClient: okhttp3.OkHttpClient$Companion Companion
kotlinx.coroutines.internal.ThreadState: int i
com.google.android.gms.internal.mlkit_translate.zzoq: com.google.android.gms.internal.mlkit_translate.zzoq zzs
kotlinx.coroutines.flow.FlowKt__CollectKt$launchIn$1: kotlinx.coroutines.flow.Flow $this_launchIn
com.google.android.gms.internal.mlkit_translate.zzbp: long zza
okhttp3.internal.http2.Http2: int TYPE_GOAWAY
kotlinx.coroutines.scheduling.CoroutineScheduler: long idleWorkerKeepAliveNs
kotlinx.coroutines.channels.ChannelsKt__DeprecatedKt$last$1: java.lang.Object L$0
com.google.crypto.tink.proto.ChaCha20Poly1305Key: com.google.crypto.tink.shaded.protobuf.ByteString keyValue_
com.google.android.gms.internal.mlkit_translate.zzmc: com.google.firebase.encoders.FieldDescriptor zzc
kotlin.sequences.TakeWhileSequence$iterator$1: int nextState
okhttp3.internal.http2.Huffman$Node: int terminalBitCount
kotlinx.coroutines.debug.internal.ConcurrentWeakMapKt: int MIN_CAPACITY
kotlinx.coroutines.scheduling.CoroutineScheduler$WorkerState: kotlinx.coroutines.scheduling.CoroutineScheduler$WorkerState CPU_ACQUIRED
kotlinx.coroutines.channels.ChannelsKt__DeprecatedKt$flatMap$1: java.lang.Object L$0
kotlin.text.Typography: char doublePrime
kotlinx.coroutines.selects.SelectImplementation$processResultAndInvokeBlockRecoveringException$1: kotlinx.coroutines.selects.SelectImplementation this$0
kotlinx.coroutines.reactive.ChannelKt$collect$1: int label
kotlinx.coroutines.flow.internal.CombineKt$zipImpl$1$1$second$1$1$emit$1: int label
kotlinx.coroutines.flow.SharedFlowImpl: int queueSize
kotlinx.coroutines.flow.FlowKt__LimitKt$transformWhile$1$invokeSuspend$$inlined$collectWhile$1: kotlinx.coroutines.flow.FlowCollector $$this$flow$inlined
kotlinx.coroutines.flow.FlowKt__BuildersKt$asFlow$$inlined$unsafeFlow$7$1: int I$1
com.google.mlkit.genai.prompt.java.zzm: com.google.mlkit.genai.prompt.Caches zzb
com.google.android.gms.internal.mlkit_translate.zzim: com.google.firebase.encoders.FieldDescriptor zze
okhttp3.CipherSuite: okhttp3.CipherSuite TLS_ECDH_ECDSA_WITH_NULL_SHA
kotlinx.coroutines.flow.FlowKt__TransformKt$runningFold$$inlined$unsafeFlow$1: java.lang.Object $initial$inlined
okhttp3.internal.platform.Jdk8WithJettyBootPlatform: java.lang.reflect.Method putMethod
com.android.billingclient.api.QueryPurchasesParams$Builder: java.lang.String zza
kotlin.io.path.OnErrorResult: kotlin.enums.EnumEntries $ENTRIES
kotlinx.coroutines.flow.FlowKt__MergeKt$mapLatest$1: kotlin.jvm.functions.Function2 $transform
kotlinx.coroutines.flow.FlowKt__ErrorsKt$retry$3: int label
kotlin.time.TestTimeSource: long reading
kotlinx.coroutines.CoroutineExceptionHandlerKt$CoroutineExceptionHandler$1: kotlin.jvm.functions.Function2 $handler
okhttp3.Cache$Entry: okhttp3.Protocol protocol
androidx.lifecycle.Lifecycle$Event: androidx.lifecycle.Lifecycle$Event[] $VALUES
org.json.JSONPointer: java.util.List refTokens
com.google.android.play.core.review.internal.zzm: com.google.android.play.core.review.internal.zzj zza
com.google.android.gms.internal.mlkit_translate.zzlh: com.google.android.gms.internal.mlkit_translate.zzlh zza
com.android.billingclient.api.zzbk: com.android.billingclient.api.AlternativeBillingOnlyAvailabilityListener zza
kotlin.jvm.internal.TypeReference: kotlin.reflect.KClassifier classifier
com.android.billingclient.api.zzk: com.android.billingclient.api.zzby zze
kotlin.jvm.internal.CallableReference$NoReceiver: kotlin.jvm.internal.CallableReference$NoReceiver INSTANCE
okhttp3.internal.connection.Exchange$ResponseBodySource: okhttp3.internal.connection.Exchange this$0