app/build/outputs/mapping/release/usage.txt
com.google.android.gms.internal.common.zzah:
    public static final synthetic int zzd
    public static com.google.android.gms.internal.common.zzaj zzq(java.lang.Object[],int)
com.google.android.gms.internal.common.zzal
com.google.android.gms.internal.common.zzc:
    public static final java.lang.ClassLoader zzb
com.google.android.gms.internal.common.zzg:
    public final android.os.Looper zza
com.google.android.gms.internal.common.zzi
com.google.android.gms.internal.common.zzj
com.google.android.gms.internal.common.zzr:
    public static void zzc(int,int)
com.google.android.gms.internal.mlkit_common.zzab:
    public abstract boolean contains(java.lang.Object)
com.google.android.gms.internal.mlkit_common.zzac
com.google.android.gms.internal.mlkit_common.zzaf:
    public static final synthetic int zzd
com.google.android.gms.internal.mlkit_common.zzah:
    public final com.google.android.gms.internal.mlkit_common.zzaq zzb()
com.google.android.gms.internal.mlkit_common.zzai:
    public abstract com.google.android.gms.internal.mlkit_common.zzab zza()
    public final com.google.android.gms.internal.mlkit_common.zzab zzb()
    public abstract com.google.android.gms.internal.mlkit_common.zzaj zzd()
    public abstract com.google.android.gms.internal.mlkit_common.zzaj zze()
    public final com.google.android.gms.internal.mlkit_common.zzaj zzf()
com.google.android.gms.internal.mlkit_common.zzaj:
    public final com.google.android.gms.internal.mlkit_common.zzaf zzf()
    public com.google.android.gms.internal.mlkit_common.zzaf zzg()
com.google.android.gms.internal.mlkit_common.zzan:
    public final com.google.android.gms.internal.mlkit_common.zzaf zzg()
com.google.android.gms.internal.mlkit_common.zzaq:
    public final com.google.android.gms.internal.mlkit_common.zzab zza()
    public final com.google.android.gms.internal.mlkit_common.zzaj zzd()
    public final com.google.android.gms.internal.mlkit_common.zzaj zze()
com.google.android.gms.internal.mlkit_common.zzar
com.google.android.gms.internal.mlkit_common.zzat
com.google.android.gms.internal.mlkit_common.zzaw
com.google.android.gms.internal.mlkit_common.zzax:
    public final com.google.android.gms.internal.mlkit_common.zzbb zzb
    public final int zza()
    public final com.google.android.gms.internal.mlkit_common.zzbb zzb()
com.google.android.gms.internal.mlkit_common.zzay
com.google.android.gms.internal.mlkit_common.zzaz:
    public static long zza()
com.google.android.gms.internal.mlkit_common.zzb
com.google.android.gms.internal.mlkit_common.zzbb:
    public static final enum com.google.android.gms.internal.mlkit_common.zzbb zzb
    public static final enum com.google.android.gms.internal.mlkit_common.zzbb zzc
com.google.android.gms.internal.mlkit_common.zzbc:
    public abstract int zza()
    public abstract com.google.android.gms.internal.mlkit_common.zzbb zzb()
com.google.android.gms.internal.mlkit_common.zzbe:
    public final com.google.firebase.encoders.ObjectEncoderContext zza(com.google.firebase.encoders.FieldDescriptor,double,boolean)
    public final com.google.firebase.encoders.ObjectEncoderContext zzb(com.google.firebase.encoders.FieldDescriptor,float,boolean)
    public final void zze(com.google.firebase.encoders.FieldDescriptor,long,boolean)
    public static com.google.android.gms.internal.mlkit_common.zzbe zzf()
    public static long zzi()
    public static com.google.android.gms.internal.mlkit_common.zzbc zzj(com.google.firebase.encoders.FieldDescriptor)
    public static com.google.android.gms.internal.mlkit_common.zzbe zzl()
    public static java.nio.ByteBuffer zzm(int)
com.google.android.gms.internal.mlkit_common.zzbg:
    public static final synthetic int zza
    public static com.google.android.gms.internal.mlkit_common.zzbh zza()
com.google.android.gms.internal.mlkit_common.zzbi:
    public final void zza(com.google.firebase.encoders.FieldDescriptor,boolean)
    public final void zzb()
com.google.android.gms.internal.mlkit_common.zzc